Starting ChromeDriver 107.0.5304.62 (1eec40d3a5764881c92085aaee66d25075c159aa-refs/branch-heads/5304@{#942}) on port 9515
Only local connections are allowed.
Please see https://chromedriver.chromium.org/security-considerations for suggestions on keeping ChromeDriver safe.
ChromeDriver was started successfully.
[1667425339.258][INFO]: [0f3ab9d914afe1192c7d6df070d6f765] COMMAND InitSession {
   "capabilities": {
      "alwaysMatch": {
         "browserName": "chrome",
         "goog:chromeOptions": {
         }
      }
   },
   "desiredCapabilities": {
      "browserName": "chrome",
      "goog:chromeOptions": {
      },
      "name": "Analyzed Result Edit Spec"
   }
}
[1667425339.259][INFO]: Populating Preferences file: {
   "alternate_error_pages": {
      "enabled": false
   },
   "autofill": {
      "enabled": false
   },
   "browser": {
      "check_default_browser": false
   },
   "distribution": {
      "import_bookmarks": false,
      "import_history": false,
      "import_search_engine": false,
      "make_chrome_default_for_user": false,
      "skip_first_run_ui": true
   },
   "dns_prefetching": {
      "enabled": false
   },
   "profile": {
      "content_settings": {
         "pattern_pairs": {
            "https://*,*": {
               "media-stream": {
                  "audio": "Default",
                  "video": "Default"
               }
            }
         }
      },
      "default_content_setting_values": {
         "geolocation": 1
      },
      "default_content_settings": {
         "geolocation": 1,
         "mouselock": 1,
         "notifications": 1,
         "popups": 1,
         "ppapi-broker": 1
      },
      "password_manager_enabled": false
   },
   "safebrowsing": {
      "enabled": false
   },
   "search": {
      "suggest_enabled": false
   },
   "translate": {
      "enabled": false
   }
}
[1667425339.259][INFO]: Populating Local State file: {
   "background_mode": {
      "enabled": false
   },
   "ssl": {
      "rev_checking": {
         "enabled": false
      }
   }
}
[1667425339.259][INFO]: Launching chrome: /Applications/Google Chrome.app/Contents/MacOS/Google Chrome --allow-pre-commit-input --disable-background-networking --disable-client-side-phishing-detection --disable-default-apps --disable-hang-monitor --disable-popup-blocking --disable-prompt-on-repost --disable-sync --enable-automation --enable-blink-features=ShadowDOMV0 --enable-logging=stderr --log-level=0 --no-first-run --no-service-autorun --password-store=basic --remote-debugging-port=0 --test-type=webdriver --use-mock-keychain --user-data-dir=/var/folders/4w/_l4y3gp11_v7jlv5spyjgp_h0000gn/T/.com.google.Chrome.SgT0mx data:,

DevTools listening on ws://127.0.0.1:65210/devtools/browser/ed393481-628c-4965-ba0f-c8da718254b4
[1667425339.466][DEBUG]: DevTools HTTP Request: http://localhost:65210/json/version
objc[22370]: Class WebSwapCGLLayer is implemented in both /System/Library/Frameworks/WebKit.framework/Versions/A/Frameworks/WebCore.framework/Versions/A/Frameworks/libANGLE-shared.dylib (0x22eae32e0) and /Applications/Google Chrome.app/Contents/Frameworks/Google Chrome Framework.framework/Versions/107.0.5304.87/Libraries/libGLESv2.dylib (0x10a7f80d8). One of the two will be used. Which one is undefined.
[1667425339.915][DEBUG]: DevTools HTTP Response: {
   "Browser": "Chrome/107.0.5304.87",
   "Protocol-Version": "1.3",
   "User-Agent": "Mozilla/5.0 (Macintosh; Intel Mac OS X 10_15_7) AppleWebKit/537.36 (KHTML, like Gecko) Chrome/107.0.0.0 Safari/537.36",
   "V8-Version": "10.7.193.18",
   "WebKit-Version": "537.36 (@f59ffb32abf8c01e9aa298400314bfdf0221b02f)",
   "webSocketDebuggerUrl": "ws://localhost:65210/devtools/browser/ed393481-628c-4965-ba0f-c8da718254b4"
}

[1667425339.915][DEBUG]: DevTools HTTP Request: http://localhost:65210/json/list
[1667425339.919][DEBUG]: DevTools HTTP Response: [ {
   "description": "",
   "devtoolsFrontendUrl": "/devtools/inspector.html?ws=localhost:65210/devtools/page/702C07ABD5F3AB51E7507DDB04D90A07",
   "id": "702C07ABD5F3AB51E7507DDB04D90A07",
   "title": "",
   "type": "page",
   "url": "data:,",
   "webSocketDebuggerUrl": "ws://localhost:65210/devtools/page/702C07ABD5F3AB51E7507DDB04D90A07"
} ]

[1667425339.920][INFO]: resolved localhost to ["::1","127.0.0.1"]
[1667425339.923][DEBUG]: DevTools WebSocket Command: Target.getTargets (id=1) (session_id=) browser {
}
[1667425339.924][DEBUG]: DevTools WebSocket Response: Target.getTargets (id=1) (session_id=) browser {
   "targetInfos": [ {
      "attached": false,
      "browserContextId": "0F5C0AFB597D4C2ABB29EB2C40470632",
      "canAccessOpener": false,
      "targetId": "702C07ABD5F3AB51E7507DDB04D90A07",
      "title": "data:,",
      "type": "page",
      "url": "data:,"
   } ]
}
[1667425339.924][DEBUG]: DevTools WebSocket Command: Target.attachToTarget (id=2) (session_id=) browser {
   "flatten": true,
   "targetId": "702C07ABD5F3AB51E7507DDB04D90A07"
}
[1667425339.925][DEBUG]: DevTools WebSocket Event: Target.attachedToTarget (session_id=) browser {
   "sessionId": "34B2BDF399FE381B96760E274D1324C5",
   "targetInfo": {
      "attached": true,
      "browserContextId": "0F5C0AFB597D4C2ABB29EB2C40470632",
      "canAccessOpener": false,
      "targetId": "702C07ABD5F3AB51E7507DDB04D90A07",
      "title": "data:,",
      "type": "page",
      "url": "data:,"
   },
   "waitingForDebugger": false
}
[1667425339.925][DEBUG]: DevTools WebSocket Response: Target.attachToTarget (id=2) (session_id=) browser {
   "sessionId": "34B2BDF399FE381B96760E274D1324C5"
}
[1667425339.925][DEBUG]: DevTools WebSocket Command: Page.addScriptToEvaluateOnNewDocument (id=1) (session_id=34B2BDF399FE381B96760E274D1324C5) 702C07ABD5F3AB51E7507DDB04D90A07 {
   "source": "(function () {window.cdc_adoQpoasnfa76pfcZLmcfl_Array = window.Array;window.cdc_adoQpoasnfa76pfcZLmcfl_Promise = window.Promise;window.cdc_adoQpoasnfa76pfcZLmcfl_Symbol = window.Symbol;}) ();"
}
[1667425339.926][DEBUG]: DevTools WebSocket Command: Runtime.evaluate (id=2) (session_id=34B2BDF399FE381B96760E274D1324C5) 702C07ABD5F3AB51E7507DDB04D90A07 {
   "expression": "(function () {window.cdc_adoQpoasnfa76pfcZLmcfl_Array = window.Array;window.cdc_adoQpoasnfa76pfcZLmcfl_Promise = window.Promise;window.cdc_adoQpoasnfa76pfcZLmcfl_Symbol = window.Symbol;}) ();"
}
[1667425339.926][DEBUG]: DevTools WebSocket Command: Log.enable (id=3) (session_id=34B2BDF399FE381B96760E274D1324C5) 702C07ABD5F3AB51E7507DDB04D90A07 {
}
[1667425339.926][DEBUG]: DevTools WebSocket Command: Target.setAutoAttach (id=4) (session_id=34B2BDF399FE381B96760E274D1324C5) 702C07ABD5F3AB51E7507DDB04D90A07 {
   "autoAttach": true,
   "flatten": true,
   "waitForDebuggerOnStart": false
}
[1667425339.926][DEBUG]: DevTools WebSocket Command: Page.enable (id=5) (session_id=34B2BDF399FE381B96760E274D1324C5) 702C07ABD5F3AB51E7507DDB04D90A07 {
}
[1667425339.926][DEBUG]: DevTools WebSocket Command: Page.enable (id=6) (session_id=34B2BDF399FE381B96760E274D1324C5) 702C07ABD5F3AB51E7507DDB04D90A07 {
}
[1667425339.926][DEBUG]: DevTools WebSocket Response: Page.addScriptToEvaluateOnNewDocument (id=1) (session_id=34B2BDF399FE381B96760E274D1324C5) 702C07ABD5F3AB51E7507DDB04D90A07 {
   "identifier": "1"
}
[1667425339.926][DEBUG]: DevTools WebSocket Response: Runtime.evaluate (id=2) (session_id=34B2BDF399FE381B96760E274D1324C5) 702C07ABD5F3AB51E7507DDB04D90A07 {
   "result": {
      "type": "undefined"
   }
}
[1667425339.926][DEBUG]: DevTools WebSocket Response: Log.enable (id=3) (session_id=34B2BDF399FE381B96760E274D1324C5) 702C07ABD5F3AB51E7507DDB04D90A07 {
}
[1667425339.926][DEBUG]: DevTools WebSocket Response: Target.setAutoAttach (id=4) (session_id=34B2BDF399FE381B96760E274D1324C5) 702C07ABD5F3AB51E7507DDB04D90A07 {
}
[1667425339.926][DEBUG]: DevTools WebSocket Response: Page.enable (id=5) (session_id=34B2BDF399FE381B96760E274D1324C5) 702C07ABD5F3AB51E7507DDB04D90A07 {
}
[1667425339.926][DEBUG]: DevTools WebSocket Response: Page.enable (id=6) (session_id=34B2BDF399FE381B96760E274D1324C5) 702C07ABD5F3AB51E7507DDB04D90A07 {
}
[1667425339.926][DEBUG]: DevTools WebSocket Command: Runtime.enable (id=7) (session_id=34B2BDF399FE381B96760E274D1324C5) 702C07ABD5F3AB51E7507DDB04D90A07 {
}
[1667425339.926][DEBUG]: DevTools WebSocket Event: Runtime.executionContextCreated (session_id=34B2BDF399FE381B96760E274D1324C5) 702C07ABD5F3AB51E7507DDB04D90A07 {
   "context": {
      "auxData": {
         "frameId": "702C07ABD5F3AB51E7507DDB04D90A07",
         "isDefault": true,
         "type": "default"
      },
      "id": 1,
      "name": "",
      "origin": "://",
      "uniqueId": "-6007044110254594881.102307228726042165"
   }
}
[1667425339.926][DEBUG]: DevTools WebSocket Response: Runtime.enable (id=7) (session_id=34B2BDF399FE381B96760E274D1324C5) 702C07ABD5F3AB51E7507DDB04D90A07 {
}
[1667425339.926][DEBUG]: DevTools WebSocket Command: Page.enable (id=8) (session_id=34B2BDF399FE381B96760E274D1324C5) 702C07ABD5F3AB51E7507DDB04D90A07 {
}
[1667425339.927][DEBUG]: DevTools WebSocket Response: Page.enable (id=8) (session_id=34B2BDF399FE381B96760E274D1324C5) 702C07ABD5F3AB51E7507DDB04D90A07 {
}
[1667425339.927][DEBUG]: DevTools WebSocket Command: Runtime.enable (id=9) (session_id=34B2BDF399FE381B96760E274D1324C5) 702C07ABD5F3AB51E7507DDB04D90A07 {
}
[1667425339.927][DEBUG]: DevTools WebSocket Response: Runtime.enable (id=9) (session_id=34B2BDF399FE381B96760E274D1324C5) 702C07ABD5F3AB51E7507DDB04D90A07 {
}
[1667425339.927][DEBUG]: DevTools WebSocket Command: Runtime.evaluate (id=10) (session_id=34B2BDF399FE381B96760E274D1324C5) 702C07ABD5F3AB51E7507DDB04D90A07 {
   "awaitPromise": true,
   "expression": "(function() { // Copyright 2012 The Chromium Authors\n// Use of this source code is governed by a BSD-style license that can be\n// found in the LICENSE file.\n\n/**\n * Enum for WebDriver status codes....",
   "returnByValue": true
}
[1667425339.928][DEBUG]: DevTools WebSocket Response: Runtime.evaluate (id=10) (session_id=34B2BDF399FE381B96760E274D1324C5) 702C07ABD5F3AB51E7507DDB04D90A07 {
   "result": {
      "type": "object",
      "value": {
         "status": 0,
         "value": 1
      }
   }
}
[1667425339.928][INFO]: [0f3ab9d914afe1192c7d6df070d6f765] RESPONSE InitSession {
   "capabilities": {
      "acceptInsecureCerts": false,
      "browserName": "chrome",
      "browserVersion": "107.0.5304.87",
      "chrome": {
         "chromedriverVersion": "107.0.5304.62 (1eec40d3a5764881c92085aaee66d25075c159aa-refs/branch-heads/5304@{#942})",
         "userDataDir": "/var/folders/4w/_l4y3gp11_v7jlv5spyjgp_h0000gn/T/.com.google.Chrome.SgT0mx"
      },
      "goog:chromeOptions": {
         "debuggerAddress": "localhost:65210"
      },
      "networkConnectionEnabled": false,
      "pageLoadStrategy": "normal",
      "platformName": "mac os x",
      "proxy": {
      },
      "setWindowRect": true,
      "strictFileInteractability": false,
      "timeouts": {
         "implicit": 0,
         "pageLoad": 300000,
         "script": 30000
      },
      "unhandledPromptBehavior": "dismiss and notify",
      "webauthn:extension:credBlob": true,
      "webauthn:extension:largeBlob": true,
      "webauthn:virtualAuthenticators": true
   },
   "sessionId": "0f3ab9d914afe1192c7d6df070d6f765"
}
[1667425339.935][INFO]: [0f3ab9d914afe1192c7d6df070d6f765] COMMAND Navigate {
   "url": "http://localhost:4200/"
}
[1667425339.935][INFO]: Waiting for pending navigations...
[1667425339.935][DEBUG]: DevTools WebSocket Command: Runtime.evaluate (id=11) (session_id=34B2BDF399FE381B96760E274D1324C5) 702C07ABD5F3AB51E7507DDB04D90A07 {
   "expression": "1"
}
[1667425339.936][DEBUG]: DevTools WebSocket Response: Runtime.evaluate (id=11) (session_id=34B2BDF399FE381B96760E274D1324C5) 702C07ABD5F3AB51E7507DDB04D90A07 {
   "result": {
      "description": "1",
      "type": "number",
      "value": 1
   }
}
[1667425339.936][DEBUG]: DevTools WebSocket Command: DOM.getDocument (id=12) (session_id=34B2BDF399FE381B96760E274D1324C5) 702C07ABD5F3AB51E7507DDB04D90A07 {
}
[1667425339.936][DEBUG]: DevTools WebSocket Response: DOM.getDocument (id=12) (session_id=34B2BDF399FE381B96760E274D1324C5) 702C07ABD5F3AB51E7507DDB04D90A07 {
   "root": {
      "backendNodeId": 1,
      "baseURL": "data:,",
      "childNodeCount": 1,
      "children": [ {
         "attributes": [  ],
         "backendNodeId": 2,
         "childNodeCount": 2,
         "children": [ {
            "attributes": [  ],
            "backendNodeId": 3,
            "childNodeCount": 0,
            "localName": "head",
            "nodeId": 3,
            "nodeName": "HEAD",
            "nodeType": 1,
            "nodeValue": "",
            "parentId": 2
         }, {
            "attributes": [  ],
            "backendNodeId": 4,
            "childNodeCount": 0,
            "localName": "body",
            "nodeId": 4,
            "nodeName": "BODY",
            "nodeType": 1,
            "nodeValue": "",
            "parentId": 2
         } ],
         "frameId": "702C07ABD5F3AB51E7507DDB04D90A07",
         "localName": "html",
         "nodeId": 2,
         "nodeName": "HTML",
         "nodeType": 1,
         "nodeValue": "",
         "parentId": 1
      } ],
      "compatibilityMode": "NoQuirksMode",
      "documentURL": "data:,",
      "localName": "",
      "nodeId": 1,
      "nodeName": "#document",
      "nodeType": 9,
      "nodeValue": "",
      "xmlVersion": ""
   }
}
[1667425339.936][DEBUG]: DevTools WebSocket Command: Runtime.evaluate (id=13) (session_id=34B2BDF399FE381B96760E274D1324C5) 702C07ABD5F3AB51E7507DDB04D90A07 {
   "awaitPromise": false,
   "expression": "document.readyState",
   "returnByValue": true
}
[1667425339.937][DEBUG]: DevTools WebSocket Response: Runtime.evaluate (id=13) (session_id=34B2BDF399FE381B96760E274D1324C5) 702C07ABD5F3AB51E7507DDB04D90A07 {
   "result": {
      "type": "string",
      "value": "complete"
   }
}
[1667425339.937][INFO]: Done waiting for pending navigations. Status: ok
[1667425339.937][DEBUG]: DevTools WebSocket Command: Page.navigate (id=14) (session_id=34B2BDF399FE381B96760E274D1324C5) 702C07ABD5F3AB51E7507DDB04D90A07 {
   "url": "http://localhost:4200/"
}
[1667425339.975][DEBUG]: DevTools WebSocket Response: Page.navigate (id=14) (session_id=34B2BDF399FE381B96760E274D1324C5) 702C07ABD5F3AB51E7507DDB04D90A07 {
   "frameId": "702C07ABD5F3AB51E7507DDB04D90A07",
   "loaderId": "AC6A92C9EFD2B20C5A7A9C7B0459C659"
}
[1667425339.975][DEBUG]: DevTools WebSocket Command: Runtime.evaluate (id=15) (session_id=34B2BDF399FE381B96760E274D1324C5) 702C07ABD5F3AB51E7507DDB04D90A07 {
   "expression": "document.URL"
}
[1667425339.976][DEBUG]: DevTools WebSocket Event: Runtime.executionContextsCleared (session_id=34B2BDF399FE381B96760E274D1324C5) 702C07ABD5F3AB51E7507DDB04D90A07 {
}
[1667425339.976][DEBUG]: DevTools WebSocket Event: Page.frameStartedLoading (session_id=34B2BDF399FE381B96760E274D1324C5) 702C07ABD5F3AB51E7507DDB04D90A07 {
   "frameId": "702C07ABD5F3AB51E7507DDB04D90A07"
}
[1667425339.999][DEBUG]: DevTools WebSocket Event: Runtime.executionContextsCleared (session_id=34B2BDF399FE381B96760E274D1324C5) 702C07ABD5F3AB51E7507DDB04D90A07 {
}
[1667425339.999][DEBUG]: DevTools WebSocket Event: Page.frameNavigated (session_id=34B2BDF399FE381B96760E274D1324C5) 702C07ABD5F3AB51E7507DDB04D90A07 {
   "frame": {
      "adFrameStatus": {
         "adFrameType": "none"
      },
      "crossOriginIsolatedContextType": "NotIsolated",
      "domainAndRegistry": "",
      "gatedAPIFeatures": [  ],
      "id": "702C07ABD5F3AB51E7507DDB04D90A07",
      "loaderId": "AC6A92C9EFD2B20C5A7A9C7B0459C659",
      "mimeType": "text/html",
      "secureContextType": "SecureLocalhost",
      "securityOrigin": "http://localhost:4200",
      "url": "http://localhost:4200/"
   },
   "type": "Navigation"
}
[1667425339.999][DEBUG]: DevTools WebSocket Event: DOM.documentUpdated (session_id=34B2BDF399FE381B96760E274D1324C5) 702C07ABD5F3AB51E7507DDB04D90A07 {
}
[1667425339.999][DEBUG]: DevTools WebSocket Event: Runtime.executionContextCreated (session_id=34B2BDF399FE381B96760E274D1324C5) 702C07ABD5F3AB51E7507DDB04D90A07 {
   "context": {
      "auxData": {
         "frameId": "702C07ABD5F3AB51E7507DDB04D90A07",
         "isDefault": true,
         "type": "default"
      },
      "id": 1,
      "name": "",
      "origin": "http://localhost:4200",
      "uniqueId": "5537323173883916853.-23510175256519694"
   }
}
[1667425339.999][DEBUG]: DevTools WebSocket Response: Runtime.evaluate (id=15) (session_id=34B2BDF399FE381B96760E274D1324C5) 702C07ABD5F3AB51E7507DDB04D90A07 {
   "result": {
      "type": "string",
      "value": "http://localhost:4200/"
   }
}
[1667425339.999][INFO]: Waiting for pending navigations...
[1667425339.999][DEBUG]: DevTools WebSocket Command: Runtime.evaluate (id=16) (session_id=34B2BDF399FE381B96760E274D1324C5) 702C07ABD5F3AB51E7507DDB04D90A07 {
   "expression": "1"
}
[1667425340.003][DEBUG]: DevTools WebSocket Response: Runtime.evaluate (id=16) (session_id=34B2BDF399FE381B96760E274D1324C5) 702C07ABD5F3AB51E7507DDB04D90A07 {
   "result": {
      "description": "1",
      "type": "number",
      "value": 1
   }
}
[22361:259:1102/184220.180988:INFO:CONSOLE(6494)] "[webpack-dev-server] Server started: Hot Module Replacement disabled, Live Reloading enabled, Progress disabled, Overlay enabled.", source: http://localhost:4200/polyfills.js (6494)
[1667425340.181][DEBUG]: DevTools WebSocket Event: Runtime.consoleAPICalled (session_id=34B2BDF399FE381B96760E274D1324C5) 702C07ABD5F3AB51E7507DDB04D90A07 {
   "args": [ {
      "type": "string",
      "value": "[webpack-dev-server] Server started: Hot Module Replacement disabled, Live Reloading enabled, Progress disabled, Overlay enabled."
   } ],
   "executionContextId": 1,
   "stackTrace": {
      "callFrames": [ {
         "columnNumber": 27,
         "functionName": "logger",
         "lineNumber": 6493,
         "scriptId": "7",
         "url": "http://localhost:4200/polyfills.js"
      }, {
         "columnNumber": 12,
         "functionName": "",
         "lineNumber": 6679,
         "scriptId": "7",
         "url": "http://localhost:4200/polyfills.js"
      }, {
         "columnNumber": 28,
         "functionName": "info",
         "lineNumber": 6134,
         "scriptId": "7",
         "url": "http://localhost:4200/polyfills.js"
      }, {
         "columnNumber": 6,
         "functionName": "logEnabledFeatures",
         "lineNumber": 7524,
         "scriptId": "7",
         "url": "http://localhost:4200/polyfills.js"
      }, {
         "columnNumber": 65,
         "functionName": "1211",
         "lineNumber": 5704,
         "scriptId": "7",
         "url": "http://localhost:4200/polyfills.js"
      }, {
         "columnNumber": 41,
         "functionName": "__webpack_require__",
         "lineNumber": 22,
         "scriptId": "6",
         "url": "http://localhost:4200/runtime.js"
      }, {
         "columnNumber": 47,
         "functionName": "__webpack_exec__",
         "lineNumber": 11148,
         "scriptId": "7",
         "url": "http://localhost:4200/polyfills.js"
      }, {
         "columnNumber": 36,
         "functionName": "",
         "lineNumber": 11149,
         "scriptId": "7",
         "url": "http://localhost:4200/polyfills.js"
      }, {
         "columnNumber": 38,
         "functionName": "webpackJsonpCallback",
         "lineNumber": 144,
         "scriptId": "6",
         "url": "http://localhost:4200/runtime.js"
      }, {
         "columnNumber": 74,
         "functionName": "",
         "lineNumber": 0,
         "scriptId": "7",
         "url": "http://localhost:4200/polyfills.js"
      } ]
   },
   "timestamp": 1.667425340176843e+12,
   "type": "info"
}
[1667425340.181][DEBUG]: DevTools WebSocket Command: Runtime.evaluate (id=17) (session_id=34B2BDF399FE381B96760E274D1324C5) 702C07ABD5F3AB51E7507DDB04D90A07 {
   "expression": "1"
}
[22361:259:1102/184220.254331:INFO:CONSOLE(78385)] "Angular is running in development mode. Call enableProdMode() to enable production mode.", source: http://localhost:4200/vendor.js (78385)
[1667425340.255][DEBUG]: DevTools WebSocket Event: Runtime.consoleAPICalled (session_id=34B2BDF399FE381B96760E274D1324C5) 702C07ABD5F3AB51E7507DDB04D90A07 {
   "args": [ {
      "type": "string",
      "value": "Angular is running in development mode. Call enableProdMode() to enable production mode."
   } ],
   "executionContextId": 1,
   "stackTrace": {
      "callFrames": [ {
         "columnNumber": 12,
         "functionName": "log",
         "lineNumber": 78384,
         "scriptId": "8",
         "url": "http://localhost:4200/vendor.js"
      }, {
         "columnNumber": 15,
         "functionName": "bootstrap",
         "lineNumber": 80582,
         "scriptId": "8",
         "url": "http://localhost:4200/vendor.js"
      }, {
         "columnNumber": 57,
         "functionName": "",
         "lineNumber": 80171,
         "scriptId": "8",
         "url": "http://localhost:4200/vendor.js"
      }, {
         "columnNumber": 37,
         "functionName": "_moduleDoBootstrap",
         "lineNumber": 80171,
         "scriptId": "8",
         "url": "http://localhost:4200/vendor.js"
      }, {
         "columnNumber": 15,
         "functionName": "",
         "lineNumber": 80137,
         "scriptId": "8",
         "url": "http://localhost:4200/vendor.js"
      }, {
         "columnNumber": 157,
         "functionName": "invoke",
         "lineNumber": 8240,
         "scriptId": "7",
         "url": "http://localhost:4200/polyfills.js"
      }, {
         "columnNumber": 24,
         "functionName": "onInvoke",
         "lineNumber": 79255,
         "scriptId": "8",
         "url": "http://localhost:4200/vendor.js"
      }, {
         "columnNumber": 45,
         "functionName": "invoke",
         "lineNumber": 8240,
         "scriptId": "7",
         "url": "http://localhost:4200/polyfills.js"
      }, {
         "columnNumber": 34,
         "functionName": "run",
         "lineNumber": 7981,
         "scriptId": "7",
         "url": "http://localhost:4200/polyfills.js"
      }, {
         "columnNumber": 27,
         "functionName": "",
         "lineNumber": 9325,
         "scriptId": "7",
         "url": "http://localhost:4200/polyfills.js"
      }, {
         "columnNumber": 170,
         "functionName": "invokeTask",
         "lineNumber": 8273,
         "scriptId": "7",
         "url": "http://localhost:4200/polyfills.js"
      }, {
         "columnNumber": 24,
         "functionName": "onInvokeTask",
         "lineNumber": 79243,
         "scriptId": "8",
         "url": "http://localhost:4200/vendor.js"
      }, {
         "columnNumber": 53,
         "functionName": "invokeTask",
         "lineNumber": 8273,
         "scriptId": "7",
         "url": "http://localhost:4200/polyfills.js"
      }, {
         "columnNumber": 36,
         "functionName": "runTask",
         "lineNumber": 8034,
         "scriptId": "7",
         "url": "http://localhost:4200/polyfills.js"
      }, {
         "columnNumber": 22,
         "functionName": "drainMicroTaskQueue",
         "lineNumber": 8482,
         "scriptId": "7",
         "url": "http://localhost:4200/polyfills.js"
      } ]
   },
   "timestamp": 1.667425340250225e+12,
   "type": "log"
}
[1667425340.259][DEBUG]: DevTools WebSocket Event: Page.navigatedWithinDocument (session_id=34B2BDF399FE381B96760E274D1324C5) 702C07ABD5F3AB51E7507DDB04D90A07 {
   "frameId": "702C07ABD5F3AB51E7507DDB04D90A07",
   "url": "http://localhost:4200/"
}
[1667425340.259][DEBUG]: DevTools WebSocket Event: DOM.documentUpdated (session_id=34B2BDF399FE381B96760E274D1324C5) 702C07ABD5F3AB51E7507DDB04D90A07 {
}
[1667425340.259][DEBUG]: DevTools WebSocket Event: Page.domContentEventFired (session_id=34B2BDF399FE381B96760E274D1324C5) 702C07ABD5F3AB51E7507DDB04D90A07 {
   "timestamp": 28211.963701
}
[1667425340.265][DEBUG]: DevTools WebSocket Response: Runtime.evaluate (id=17) (session_id=34B2BDF399FE381B96760E274D1324C5) 702C07ABD5F3AB51E7507DDB04D90A07 {
   "result": {
      "description": "1",
      "type": "number",
      "value": 1
   }
}
[1667425340.292][DEBUG]: DevTools WebSocket Event: Page.loadEventFired (session_id=34B2BDF399FE381B96760E274D1324C5) 702C07ABD5F3AB51E7507DDB04D90A07 {
   "timestamp": 28211.995507
}
[1667425340.292][DEBUG]: DevTools WebSocket Command: Runtime.evaluate (id=18) (session_id=34B2BDF399FE381B96760E274D1324C5) 702C07ABD5F3AB51E7507DDB04D90A07 {
   "awaitPromise": false,
   "expression": "document.readyState",
   "returnByValue": true
}
[1667425340.292][DEBUG]: DevTools WebSocket Event: Page.frameStoppedLoading (session_id=34B2BDF399FE381B96760E274D1324C5) 702C07ABD5F3AB51E7507DDB04D90A07 {
   "frameId": "702C07ABD5F3AB51E7507DDB04D90A07"
}
[1667425340.292][DEBUG]: DevTools WebSocket Response: Runtime.evaluate (id=18) (session_id=34B2BDF399FE381B96760E274D1324C5) 702C07ABD5F3AB51E7507DDB04D90A07 {
   "result": {
      "type": "string",
      "value": "complete"
   }
}
[1667425340.292][DEBUG]: DevTools WebSocket Command: Runtime.evaluate (id=19) (session_id=34B2BDF399FE381B96760E274D1324C5) 702C07ABD5F3AB51E7507DDB04D90A07 {
   "expression": "1"
}
[1667425340.293][DEBUG]: DevTools WebSocket Response: Runtime.evaluate (id=19) (session_id=34B2BDF399FE381B96760E274D1324C5) 702C07ABD5F3AB51E7507DDB04D90A07 {
   "result": {
      "description": "1",
      "type": "number",
      "value": 1
   }
}
[1667425340.293][INFO]: Done waiting for pending navigations. Status: ok
[1667425340.293][INFO]: [0f3ab9d914afe1192c7d6df070d6f765] RESPONSE Navigate
[1667425340.298][INFO]: [0f3ab9d914afe1192c7d6df070d6f765] COMMAND Quit {
}
[1667425340.349][INFO]: [0f3ab9d914afe1192c7d6df070d6f765] RESPONSE Quit
[1667425340.350][DEBUG]: Log type 'driver' lost 0 entries on destruction
[1667425340.350][DEBUG]: Log type 'browser' lost 0 entries on destruction
