Starting ChromeDriver 103.0.5060.53 (a1711811edd74ff1cf2150f36ffa3b0dae40b17f-refs/branch-heads/5060@{#853}) on port 9515
Only local connections are allowed.
Please see https://chromedriver.chromium.org/security-considerations for suggestions on keeping ChromeDriver safe.
ChromeDriver was started successfully.
[1658606153.196][INFO]: [b147709c41852538a0c05d27b4e71b59] COMMAND InitSession {
   "capabilities": {
      "alwaysMatch": {
         "browserName": "chrome",
         "goog:chromeOptions": {
         }
      }
   },
   "desiredCapabilities": {
      "browserName": "chrome",
      "goog:chromeOptions": {
      },
      "name": "Hello Spec"
   }
}
[1658606153.197][INFO]: Populating Preferences file: {
   "alternate_error_pages": {
      "enabled": false
   },
   "autofill": {
      "enabled": false
   },
   "browser": {
      "check_default_browser": false
   },
   "distribution": {
      "import_bookmarks": false,
      "import_history": false,
      "import_search_engine": false,
      "make_chrome_default_for_user": false,
      "skip_first_run_ui": true
   },
   "dns_prefetching": {
      "enabled": false
   },
   "profile": {
      "content_settings": {
         "pattern_pairs": {
            "https://*,*": {
               "media-stream": {
                  "audio": "Default",
                  "video": "Default"
               }
            }
         }
      },
      "default_content_setting_values": {
         "geolocation": 1
      },
      "default_content_settings": {
         "geolocation": 1,
         "mouselock": 1,
         "notifications": 1,
         "popups": 1,
         "ppapi-broker": 1
      },
      "password_manager_enabled": false
   },
   "safebrowsing": {
      "enabled": false
   },
   "search": {
      "suggest_enabled": false
   },
   "translate": {
      "enabled": false
   }
}
[1658606153.197][INFO]: Populating Local State file: {
   "background_mode": {
      "enabled": false
   },
   "ssl": {
      "rev_checking": {
         "enabled": false
      }
   }
}
[1658606153.197][INFO]: Launching chrome: /Applications/Google Chrome.app/Contents/MacOS/Google Chrome --allow-pre-commit-input --disable-background-networking --disable-client-side-phishing-detection --disable-default-apps --disable-hang-monitor --disable-popup-blocking --disable-prompt-on-repost --disable-sync --enable-automation --enable-blink-features=ShadowDOMV0 --enable-logging=stderr --log-level=0 --no-first-run --no-service-autorun --password-store=basic --remote-debugging-port=0 --test-type=webdriver --use-mock-keychain --user-data-dir=/var/folders/4w/_l4y3gp11_v7jlv5spyjgp_h0000gn/T/.com.google.Chrome.8l7fsb data:,

DevTools listening on ws://127.0.0.1:62779/devtools/browser/ebe1ed81-b082-48e3-952b-7d7f0c7866b0
[1658606153.411][DEBUG]: DevTools HTTP Request: http://localhost:62779/json/version
objc[8989]: Class WebSwapCGLLayer is implemented in both /System/Library/Frameworks/WebKit.framework/Versions/A/Frameworks/WebCore.framework/Versions/A/Frameworks/libANGLE-shared.dylib (0x2320eb808) and /Applications/Google Chrome.app/Contents/Frameworks/Google Chrome Framework.framework/Versions/103.0.5060.134/Libraries/libGLESv2.dylib (0x10b9ad3f8). One of the two will be used. Which one is undefined.
[1658606153.785][DEBUG]: DevTools HTTP Response: {
   "Browser": "Chrome/103.0.5060.134",
   "Protocol-Version": "1.3",
   "User-Agent": "Mozilla/5.0 (Macintosh; Intel Mac OS X 10_15_7) AppleWebKit/537.36 (KHTML, like Gecko) Chrome/103.0.5060.134 Safari/537.36",
   "V8-Version": "10.3.174.20",
   "WebKit-Version": "537.36 (@8ec6fce403b3feb0869b0732eda8bd95011d333c)",
   "webSocketDebuggerUrl": "ws://localhost:62779/devtools/browser/ebe1ed81-b082-48e3-952b-7d7f0c7866b0"
}

[1658606153.785][DEBUG]: DevTools HTTP Request: http://localhost:62779/json/list
[1658606153.787][DEBUG]: DevTools HTTP Response: [ {
   "description": "",
   "devtoolsFrontendUrl": "/devtools/inspector.html?ws=localhost:62779/devtools/page/86E8507C2EC0B374D61A7DE707CE2DD7",
   "id": "86E8507C2EC0B374D61A7DE707CE2DD7",
   "title": "",
   "type": "page",
   "url": "data:,",
   "webSocketDebuggerUrl": "ws://localhost:62779/devtools/page/86E8507C2EC0B374D61A7DE707CE2DD7"
} ]

[1658606153.787][DEBUG]: DevTools HTTP Request: http://localhost:62779/json/list
[1658606153.789][DEBUG]: DevTools HTTP Response: [ {
   "description": "",
   "devtoolsFrontendUrl": "/devtools/inspector.html?ws=localhost:62779/devtools/page/86E8507C2EC0B374D61A7DE707CE2DD7",
   "id": "86E8507C2EC0B374D61A7DE707CE2DD7",
   "title": "",
   "type": "page",
   "url": "data:,",
   "webSocketDebuggerUrl": "ws://localhost:62779/devtools/page/86E8507C2EC0B374D61A7DE707CE2DD7"
} ]

[1658606153.790][INFO]: resolved localhost to ["::1","127.0.0.1"]
[1658606153.790][DEBUG]: DevTools WebSocket Command: Page.addScriptToEvaluateOnNewDocument (id=1) 86E8507C2EC0B374D61A7DE707CE2DD7 {
   "source": "(function () {window.cdc_adoQpoasnfa76pfcZLmcfl_Array = window.Array;window.cdc_adoQpoasnfa76pfcZLmcfl_Promise = window.Promise;window.cdc_adoQpoasnfa76pfcZLmcfl_Symbol = window.Symbol;}) ();"
}
[1658606153.790][DEBUG]: DevTools WebSocket Command: Runtime.evaluate (id=2) 86E8507C2EC0B374D61A7DE707CE2DD7 {
   "expression": "(function () {window.cdc_adoQpoasnfa76pfcZLmcfl_Array = window.Array;window.cdc_adoQpoasnfa76pfcZLmcfl_Promise = window.Promise;window.cdc_adoQpoasnfa76pfcZLmcfl_Symbol = window.Symbol;}) ();"
}
[1658606153.790][DEBUG]: DevTools WebSocket Command: Log.enable (id=3) 86E8507C2EC0B374D61A7DE707CE2DD7 {
}
[1658606153.791][DEBUG]: DevTools WebSocket Command: Target.setAutoAttach (id=4) 86E8507C2EC0B374D61A7DE707CE2DD7 {
   "autoAttach": true,
   "flatten": true,
   "waitForDebuggerOnStart": false
}
[1658606153.791][DEBUG]: DevTools WebSocket Command: Page.enable (id=5) 86E8507C2EC0B374D61A7DE707CE2DD7 {
}
[1658606153.791][DEBUG]: DevTools WebSocket Command: Page.enable (id=6) 86E8507C2EC0B374D61A7DE707CE2DD7 {
}
[1658606153.795][DEBUG]: DevTools WebSocket Response: Page.addScriptToEvaluateOnNewDocument (id=1) 86E8507C2EC0B374D61A7DE707CE2DD7 {
   "identifier": "1"
}
[1658606153.795][DEBUG]: DevTools WebSocket Response: Runtime.evaluate (id=2) 86E8507C2EC0B374D61A7DE707CE2DD7 {
   "result": {
      "type": "undefined"
   }
}
[1658606153.795][DEBUG]: DevTools WebSocket Response: Log.enable (id=3) 86E8507C2EC0B374D61A7DE707CE2DD7 {
}
[1658606153.795][DEBUG]: DevTools WebSocket Response: Target.setAutoAttach (id=4) 86E8507C2EC0B374D61A7DE707CE2DD7 {
}
[1658606153.795][DEBUG]: DevTools WebSocket Response: Page.enable (id=5) 86E8507C2EC0B374D61A7DE707CE2DD7 {
}
[1658606153.795][DEBUG]: DevTools WebSocket Response: Page.enable (id=6) 86E8507C2EC0B374D61A7DE707CE2DD7 {
}
[1658606153.795][DEBUG]: DevTools WebSocket Command: Runtime.enable (id=7) 86E8507C2EC0B374D61A7DE707CE2DD7 {
}
[1658606153.796][DEBUG]: DevTools WebSocket Event: Page.loadEventFired 86E8507C2EC0B374D61A7DE707CE2DD7 {
   "timestamp": 20297.490474
}
[1658606153.797][DEBUG]: DevTools WebSocket Command: Runtime.evaluate (id=8) 86E8507C2EC0B374D61A7DE707CE2DD7 {
   "awaitPromise": false,
   "expression": "document.readyState",
   "returnByValue": true
}
[1658606153.797][DEBUG]: DevTools WebSocket Event: Page.frameStoppedLoading 86E8507C2EC0B374D61A7DE707CE2DD7 {
   "frameId": "86E8507C2EC0B374D61A7DE707CE2DD7"
}
[1658606153.797][DEBUG]: DevTools WebSocket Event: Page.domContentEventFired 86E8507C2EC0B374D61A7DE707CE2DD7 {
   "timestamp": 20297.490815
}
[1658606153.797][DEBUG]: DevTools WebSocket Event: Runtime.executionContextCreated 86E8507C2EC0B374D61A7DE707CE2DD7 {
   "context": {
      "auxData": {
         "frameId": "86E8507C2EC0B374D61A7DE707CE2DD7",
         "isDefault": true,
         "type": "default"
      },
      "id": 1,
      "name": "",
      "origin": "://",
      "uniqueId": "-1290754784895652596.1768360980121649441"
   }
}
[1658606153.797][DEBUG]: DevTools WebSocket Response: Runtime.enable (id=7) 86E8507C2EC0B374D61A7DE707CE2DD7 {
}
[1658606153.797][DEBUG]: DevTools WebSocket Response: Runtime.evaluate (id=8) 86E8507C2EC0B374D61A7DE707CE2DD7 {
   "result": {
      "type": "string",
      "value": "complete"
   }
}
[1658606153.797][DEBUG]: DevTools WebSocket Command: Page.enable (id=9) 86E8507C2EC0B374D61A7DE707CE2DD7 {
}
[1658606153.797][DEBUG]: DevTools WebSocket Response: Page.enable (id=9) 86E8507C2EC0B374D61A7DE707CE2DD7 {
}
[1658606153.797][DEBUG]: DevTools WebSocket Command: Runtime.enable (id=10) 86E8507C2EC0B374D61A7DE707CE2DD7 {
}
[1658606153.797][DEBUG]: DevTools WebSocket Response: Runtime.enable (id=10) 86E8507C2EC0B374D61A7DE707CE2DD7 {
}
[1658606153.798][DEBUG]: DevTools WebSocket Command: Runtime.evaluate (id=11) 86E8507C2EC0B374D61A7DE707CE2DD7 {
   "awaitPromise": true,
   "expression": "(function() { // Copyright (c) 2012 The Chromium Authors. All rights reserved.\n// Use of this source code is governed by a BSD-style license that can be\n// found in the LICENSE file.\n\n/**\n * Enum f...",
   "returnByValue": true
}
[1658606153.798][DEBUG]: DevTools WebSocket Response: Runtime.evaluate (id=11) 86E8507C2EC0B374D61A7DE707CE2DD7 {
   "result": {
      "type": "object",
      "value": {
         "status": 0,
         "value": 1
      }
   }
}
[1658606153.798][INFO]: [b147709c41852538a0c05d27b4e71b59] RESPONSE InitSession {
   "capabilities": {
      "acceptInsecureCerts": false,
      "browserName": "chrome",
      "browserVersion": "103.0.5060.134",
      "chrome": {
         "chromedriverVersion": "103.0.5060.53 (a1711811edd74ff1cf2150f36ffa3b0dae40b17f-refs/branch-heads/5060@{#853})",
         "userDataDir": "/var/folders/4w/_l4y3gp11_v7jlv5spyjgp_h0000gn/T/.com.google.Chrome.8l7fsb"
      },
      "goog:chromeOptions": {
         "debuggerAddress": "localhost:62779"
      },
      "networkConnectionEnabled": false,
      "pageLoadStrategy": "normal",
      "platformName": "mac os x",
      "proxy": {
      },
      "setWindowRect": true,
      "strictFileInteractability": false,
      "timeouts": {
         "implicit": 0,
         "pageLoad": 300000,
         "script": 30000
      },
      "unhandledPromptBehavior": "dismiss and notify",
      "webauthn:extension:credBlob": true,
      "webauthn:extension:largeBlob": true,
      "webauthn:virtualAuthenticators": true
   },
   "sessionId": "b147709c41852538a0c05d27b4e71b59"
}
[1658606153.802][INFO]: [b147709c41852538a0c05d27b4e71b59] COMMAND Navigate {
   "url": "http://localhost:4200/"
}
[1658606153.802][INFO]: Waiting for pending navigations...
[1658606153.802][DEBUG]: DevTools WebSocket Command: Runtime.evaluate (id=12) 86E8507C2EC0B374D61A7DE707CE2DD7 {
   "expression": "1"
}
[1658606153.802][DEBUG]: DevTools WebSocket Response: Runtime.evaluate (id=12) 86E8507C2EC0B374D61A7DE707CE2DD7 {
   "result": {
      "description": "1",
      "type": "number",
      "value": 1
   }
}
[1658606153.802][INFO]: Done waiting for pending navigations. Status: ok
[1658606153.802][DEBUG]: DevTools WebSocket Command: Page.navigate (id=13) 86E8507C2EC0B374D61A7DE707CE2DD7 {
   "url": "http://localhost:4200/"
}
[1658606153.954][DEBUG]: DevTools WebSocket Response: Page.navigate (id=13) 86E8507C2EC0B374D61A7DE707CE2DD7 {
   "frameId": "86E8507C2EC0B374D61A7DE707CE2DD7",
   "loaderId": "B5610A9CDB11B18EC65140B928CF368E"
}
[1658606153.954][DEBUG]: DevTools WebSocket Command: Runtime.evaluate (id=14) 86E8507C2EC0B374D61A7DE707CE2DD7 {
   "expression": "document.URL"
}
[1658606153.955][DEBUG]: DevTools WebSocket Event: Runtime.executionContextsCleared 86E8507C2EC0B374D61A7DE707CE2DD7 {
}
[1658606153.955][DEBUG]: DevTools WebSocket Event: Page.frameStartedLoading 86E8507C2EC0B374D61A7DE707CE2DD7 {
   "frameId": "86E8507C2EC0B374D61A7DE707CE2DD7"
}
[1658606153.963][DEBUG]: DevTools WebSocket Event: Runtime.executionContextsCleared 86E8507C2EC0B374D61A7DE707CE2DD7 {
}
[1658606153.963][DEBUG]: DevTools WebSocket Event: Page.frameNavigated 86E8507C2EC0B374D61A7DE707CE2DD7 {
   "frame": {
      "adFrameStatus": {
         "adFrameType": "none"
      },
      "crossOriginIsolatedContextType": "NotIsolated",
      "domainAndRegistry": "",
      "gatedAPIFeatures": [  ],
      "id": "86E8507C2EC0B374D61A7DE707CE2DD7",
      "loaderId": "B5610A9CDB11B18EC65140B928CF368E",
      "mimeType": "text/html",
      "secureContextType": "SecureLocalhost",
      "securityOrigin": "http://localhost:4200",
      "url": "http://localhost:4200/"
   },
   "type": "Navigation"
}
[1658606153.963][DEBUG]: DevTools WebSocket Event: Runtime.executionContextCreated 86E8507C2EC0B374D61A7DE707CE2DD7 {
   "context": {
      "auxData": {
         "frameId": "86E8507C2EC0B374D61A7DE707CE2DD7",
         "isDefault": true,
         "type": "default"
      },
      "id": 1,
      "name": "",
      "origin": "http://localhost:4200",
      "uniqueId": "-6749382657904717989.-8857478339389986890"
   }
}
[1658606153.965][DEBUG]: DevTools WebSocket Response: Runtime.evaluate (id=14) 86E8507C2EC0B374D61A7DE707CE2DD7 {
   "result": {
      "type": "string",
      "value": "http://localhost:4200/"
   }
}
[1658606153.965][INFO]: Waiting for pending navigations...
[1658606153.965][DEBUG]: DevTools WebSocket Command: Runtime.evaluate (id=15) 86E8507C2EC0B374D61A7DE707CE2DD7 {
   "expression": "1"
}
[1658606153.969][DEBUG]: DevTools WebSocket Event: Page.frameResized 86E8507C2EC0B374D61A7DE707CE2DD7 {
}
[1658606153.969][DEBUG]: DevTools WebSocket Response: Runtime.evaluate (id=15) 86E8507C2EC0B374D61A7DE707CE2DD7 {
   "result": {
      "description": "1",
      "type": "number",
      "value": 1
   }
}
[1658606154.000][DEBUG]: DevTools WebSocket Event: Page.frameResized 86E8507C2EC0B374D61A7DE707CE2DD7 {
}
[1658606154.000][DEBUG]: DevTools WebSocket Command: Runtime.evaluate (id=16) 86E8507C2EC0B374D61A7DE707CE2DD7 {
   "expression": "1"
}
[1658606154.000][DEBUG]: DevTools WebSocket Response: Runtime.evaluate (id=16) 86E8507C2EC0B374D61A7DE707CE2DD7 {
   "result": {
      "description": "1",
      "type": "number",
      "value": 1
   }
}
[8984:259:0723/165554.033793:INFO:CONSOLE(1919)] "[webpack-dev-server] Live Reloading enabled.", source: http://localhost:4200/polyfills.js (1919)
[1658606154.034][DEBUG]: DevTools WebSocket Event: Runtime.consoleAPICalled 86E8507C2EC0B374D61A7DE707CE2DD7 {
   "args": [ {
      "type": "string",
      "value": "[webpack-dev-server] Live Reloading enabled."
   } ],
   "executionContextId": 1,
   "stackTrace": {
      "callFrames": [ {
         "columnNumber": 21,
         "functionName": "logger",
         "lineNumber": 1918,
         "scriptId": "9",
         "url": "http://localhost:4200/polyfills.js"
      }, {
         "columnNumber": 6,
         "functionName": "",
         "lineNumber": 2098,
         "scriptId": "9",
         "url": "http://localhost:4200/polyfills.js"
      }, {
         "columnNumber": 22,
         "functionName": "info",
         "lineNumber": 1565,
         "scriptId": "9",
         "url": "http://localhost:4200/polyfills.js"
      }, {
         "columnNumber": 51,
         "functionName": "liveReload",
         "lineNumber": 1184,
         "scriptId": "9",
         "url": "http://localhost:4200/polyfills.js"
      }, {
         "columnNumber": 28,
         "functionName": "",
         "lineNumber": 2614,
         "scriptId": "9",
         "url": "http://localhost:4200/polyfills.js"
      }, {
         "columnNumber": 8,
         "functionName": "client.onmessage",
         "lineNumber": 1054,
         "scriptId": "9",
         "url": "http://localhost:4200/polyfills.js"
      } ]
   },
   "timestamp": 1.658606154033648e+12,
   "type": "info"
}
[1658606154.034][DEBUG]: DevTools WebSocket Command: Runtime.evaluate (id=17) 86E8507C2EC0B374D61A7DE707CE2DD7 {
   "expression": "1"
}
[1658606154.034][DEBUG]: DevTools WebSocket Response: Runtime.evaluate (id=17) 86E8507C2EC0B374D61A7DE707CE2DD7 {
   "result": {
      "description": "1",
      "type": "number",
      "value": 1
   }
}
[8984:259:0723/165554.173209:INFO:CONSOLE(62994)] "Angular is running in development mode. Call enableProdMode() to enable production mode.", source: http://localhost:4200/vendor.js (62994)
[1658606154.174][DEBUG]: DevTools WebSocket Event: Runtime.consoleAPICalled 86E8507C2EC0B374D61A7DE707CE2DD7 {
   "args": [ {
      "type": "string",
      "value": "Angular is running in development mode. Call enableProdMode() to enable production mode."
   } ],
   "executionContextId": 1,
   "stackTrace": {
      "callFrames": [ {
         "columnNumber": 16,
         "functionName": "log",
         "lineNumber": 62993,
         "scriptId": "10",
         "url": "http://localhost:4200/vendor.js"
      }, {
         "columnNumber": 21,
         "functionName": "bootstrap",
         "lineNumber": 64554,
         "scriptId": "10",
         "url": "http://localhost:4200/vendor.js"
      }, {
         "columnNumber": 63,
         "functionName": "",
         "lineNumber": 64220,
         "scriptId": "10",
         "url": "http://localhost:4200/vendor.js"
      }, {
         "columnNumber": 43,
         "functionName": "_moduleDoBootstrap",
         "lineNumber": 64220,
         "scriptId": "10",
         "url": "http://localhost:4200/vendor.js"
      }, {
         "columnNumber": 25,
         "functionName": "",
         "lineNumber": 64190,
         "scriptId": "10",
         "url": "http://localhost:4200/vendor.js"
      }, {
         "columnNumber": 25,
         "functionName": "invoke",
         "lineNumber": 3486,
         "scriptId": "9",
         "url": "http://localhost:4200/polyfills.js"
      }, {
         "columnNumber": 32,
         "functionName": "onInvoke",
         "lineNumber": 63617,
         "scriptId": "10",
         "url": "http://localhost:4200/vendor.js"
      }, {
         "columnNumber": 51,
         "functionName": "invoke",
         "lineNumber": 3485,
         "scriptId": "9",
         "url": "http://localhost:4200/polyfills.js"
      }, {
         "columnNumber": 42,
         "functionName": "run",
         "lineNumber": 3248,
         "scriptId": "9",
         "url": "http://localhost:4200/polyfills.js"
      }, {
         "columnNumber": 35,
         "functionName": "",
         "lineNumber": 4389,
         "scriptId": "9",
         "url": "http://localhost:4200/polyfills.js"
      }, {
         "columnNumber": 30,
         "functionName": "invokeTask",
         "lineNumber": 3520,
         "scriptId": "9",
         "url": "http://localhost:4200/polyfills.js"
      }, {
         "columnNumber": 32,
         "functionName": "onInvokeTask",
         "lineNumber": 63604,
         "scriptId": "10",
         "url": "http://localhost:4200/vendor.js"
      }, {
         "columnNumber": 59,
         "functionName": "invokeTask",
         "lineNumber": 3519,
         "scriptId": "9",
         "url": "http://localhost:4200/polyfills.js"
      }, {
         "columnNumber": 46,
         "functionName": "runTask",
         "lineNumber": 3292,
         "scriptId": "9",
         "url": "http://localhost:4200/polyfills.js"
      }, {
         "columnNumber": 34,
         "functionName": "drainMicroTaskQueue",
         "lineNumber": 3699,
         "scriptId": "9",
         "url": "http://localhost:4200/polyfills.js"
      } ]
   },
   "timestamp": 1.658606154169595e+12,
   "type": "log"
}
[1658606154.174][DEBUG]: DevTools WebSocket Command: Runtime.evaluate (id=18) 86E8507C2EC0B374D61A7DE707CE2DD7 {
   "expression": "1"
}
[1658606154.178][DEBUG]: DevTools WebSocket Event: Page.navigatedWithinDocument 86E8507C2EC0B374D61A7DE707CE2DD7 {
   "frameId": "86E8507C2EC0B374D61A7DE707CE2DD7",
   "url": "http://localhost:4200/"
}
[1658606154.178][DEBUG]: DevTools WebSocket Event: Page.domContentEventFired 86E8507C2EC0B374D61A7DE707CE2DD7 {
   "timestamp": 20297.872911
}
[1658606154.178][DEBUG]: DevTools WebSocket Response: Runtime.evaluate (id=18) 86E8507C2EC0B374D61A7DE707CE2DD7 {
   "result": {
      "description": "1",
      "type": "number",
      "value": 1
   }
}
[1658606154.180][DEBUG]: DevTools WebSocket Event: Page.loadEventFired 86E8507C2EC0B374D61A7DE707CE2DD7 {
   "timestamp": 20297.873547
}
[1658606154.180][DEBUG]: DevTools WebSocket Command: Runtime.evaluate (id=19) 86E8507C2EC0B374D61A7DE707CE2DD7 {
   "awaitPromise": false,
   "expression": "document.readyState",
   "returnByValue": true
}
[1658606154.180][DEBUG]: DevTools WebSocket Event: Page.frameStoppedLoading 86E8507C2EC0B374D61A7DE707CE2DD7 {
   "frameId": "86E8507C2EC0B374D61A7DE707CE2DD7"
}
[1658606154.181][DEBUG]: DevTools WebSocket Response: Runtime.evaluate (id=19) 86E8507C2EC0B374D61A7DE707CE2DD7 {
   "result": {
      "type": "string",
      "value": "complete"
   }
}
[1658606154.181][DEBUG]: DevTools WebSocket Command: Runtime.evaluate (id=20) 86E8507C2EC0B374D61A7DE707CE2DD7 {
   "expression": "1"
}
[1658606154.181][DEBUG]: DevTools WebSocket Response: Runtime.evaluate (id=20) 86E8507C2EC0B374D61A7DE707CE2DD7 {
   "result": {
      "description": "1",
      "type": "number",
      "value": 1
   }
}
[1658606154.181][INFO]: Done waiting for pending navigations. Status: ok
[1658606154.181][INFO]: [b147709c41852538a0c05d27b4e71b59] RESPONSE Navigate
[1658606154.185][INFO]: [b147709c41852538a0c05d27b4e71b59] COMMAND FindElements {
   "using": "css selector",
   "value": "#hello-message"
}
[1658606154.185][INFO]: Waiting for pending navigations...
[1658606154.185][DEBUG]: DevTools WebSocket Command: Runtime.evaluate (id=21) 86E8507C2EC0B374D61A7DE707CE2DD7 {
   "expression": "1"
}
[1658606154.185][DEBUG]: DevTools WebSocket Response: Runtime.evaluate (id=21) 86E8507C2EC0B374D61A7DE707CE2DD7 {
   "result": {
      "description": "1",
      "type": "number",
      "value": 1
   }
}
[1658606154.185][INFO]: Done waiting for pending navigations. Status: ok
[1658606154.186][DEBUG]: DevTools WebSocket Command: Runtime.evaluate (id=22) 86E8507C2EC0B374D61A7DE707CE2DD7 {
   "awaitPromise": true,
   "expression": "(function() { // Copyright (c) 2012 The Chromium Authors. All rights reserved.\n// Use of this source code is governed by a BSD-style license that can be\n// found in the LICENSE file.\n\n/**\n * Enum f...",
   "returnByValue": true
}
[1658606154.189][DEBUG]: DevTools WebSocket Response: Runtime.evaluate (id=22) 86E8507C2EC0B374D61A7DE707CE2DD7 {
   "result": {
      "type": "object",
      "value": {
         "status": 0,
         "value": [ {
            "element-6066-11e4-a52e-4f735466cecf": "a50f6119-859e-4905-8861-541965d611c7"
         }, {
            "element-6066-11e4-a52e-4f735466cecf": "08ba0252-282d-4d99-a18f-20bc391f0bc4"
         } ]
      }
   }
}
[1658606154.189][INFO]: Waiting for pending navigations...
[1658606154.189][DEBUG]: DevTools WebSocket Command: Runtime.evaluate (id=23) 86E8507C2EC0B374D61A7DE707CE2DD7 {
   "expression": "1"
}
[1658606154.189][DEBUG]: DevTools WebSocket Response: Runtime.evaluate (id=23) 86E8507C2EC0B374D61A7DE707CE2DD7 {
   "result": {
      "description": "1",
      "type": "number",
      "value": 1
   }
}
[1658606154.189][INFO]: Done waiting for pending navigations. Status: ok
[1658606154.189][INFO]: [b147709c41852538a0c05d27b4e71b59] RESPONSE FindElements [ {
   "element-6066-11e4-a52e-4f735466cecf": "a50f6119-859e-4905-8861-541965d611c7"
}, {
   "element-6066-11e4-a52e-4f735466cecf": "08ba0252-282d-4d99-a18f-20bc391f0bc4"
} ]
[1658606154.190][INFO]: [b147709c41852538a0c05d27b4e71b59] COMMAND ClickElement {
   "id": "a50f6119-859e-4905-8861-541965d611c7"
}
[1658606154.190][INFO]: Waiting for pending navigations...
[1658606154.190][DEBUG]: DevTools WebSocket Command: Runtime.evaluate (id=24) 86E8507C2EC0B374D61A7DE707CE2DD7 {
   "expression": "1"
}
[1658606154.190][DEBUG]: DevTools WebSocket Response: Runtime.evaluate (id=24) 86E8507C2EC0B374D61A7DE707CE2DD7 {
   "result": {
      "description": "1",
      "type": "number",
      "value": 1
   }
}
[1658606154.190][INFO]: Done waiting for pending navigations. Status: ok
[1658606154.190][DEBUG]: DevTools WebSocket Command: Runtime.evaluate (id=25) 86E8507C2EC0B374D61A7DE707CE2DD7 {
   "awaitPromise": true,
   "expression": "(function() { // Copyright (c) 2012 The Chromium Authors. All rights reserved.\n// Use of this source code is governed by a BSD-style license that can be\n// found in the LICENSE file.\n\n/**\n * Enum f...",
   "returnByValue": true
}
[1658606154.191][DEBUG]: DevTools WebSocket Response: Runtime.evaluate (id=25) 86E8507C2EC0B374D61A7DE707CE2DD7 {
   "result": {
      "type": "object",
      "value": {
         "status": 0,
         "value": "a"
      }
   }
}
[1658606154.191][DEBUG]: DevTools WebSocket Command: Runtime.evaluate (id=26) 86E8507C2EC0B374D61A7DE707CE2DD7 {
   "awaitPromise": true,
   "expression": "(function() { // Copyright (c) 2012 The Chromium Authors. All rights reserved.\n// Use of this source code is governed by a BSD-style license that can be\n// found in the LICENSE file.\n\n/**\n * Enum f...",
   "returnByValue": true
}
[1658606154.191][DEBUG]: DevTools WebSocket Response: Runtime.evaluate (id=26) 86E8507C2EC0B374D61A7DE707CE2DD7 {
   "result": {
      "type": "object",
      "value": {
         "status": 0,
         "value": "a"
      }
   }
}
[1658606154.192][DEBUG]: DevTools WebSocket Command: Runtime.evaluate (id=27) 86E8507C2EC0B374D61A7DE707CE2DD7 {
   "awaitPromise": true,
   "expression": "(function() { // Copyright (c) 2012 The Chromium Authors. All rights reserved.\n// Use of this source code is governed by a BSD-style license that can be\n// found in the LICENSE file.\n\n/**\n * Enum f...",
   "returnByValue": true
}
[1658606154.195][DEBUG]: DevTools WebSocket Response: Runtime.evaluate (id=27) 86E8507C2EC0B374D61A7DE707CE2DD7 {
   "result": {
      "type": "object",
      "value": {
         "status": 0,
         "value": true
      }
   }
}
[1658606154.195][DEBUG]: DevTools WebSocket Command: Runtime.evaluate (id=28) 86E8507C2EC0B374D61A7DE707CE2DD7 {
   "awaitPromise": true,
   "expression": "(function() { // Copyright (c) 2012 The Chromium Authors. All rights reserved.\n// Use of this source code is governed by a BSD-style license that can be\n// found in the LICENSE file.\n\n/**\n * Enum f...",
   "returnByValue": true
}
[1658606154.197][DEBUG]: DevTools WebSocket Response: Runtime.evaluate (id=28) 86E8507C2EC0B374D61A7DE707CE2DD7 {
   "result": {
      "type": "object",
      "value": {
         "status": 0,
         "value": {
            "height": 16.5,
            "left": 0,
            "top": 0,
            "width": 34.21875
         }
      }
   }
}
[1658606154.198][DEBUG]: DevTools WebSocket Command: Runtime.evaluate (id=29) 86E8507C2EC0B374D61A7DE707CE2DD7 {
   "awaitPromise": true,
   "expression": "(function() { // Copyright (c) 2012 The Chromium Authors. All rights reserved.\n// Use of this source code is governed by a BSD-style license that can be\n// found in the LICENSE file.\n\n/**\n * Enum f...",
   "returnByValue": true
}
[1658606154.204][DEBUG]: DevTools WebSocket Response: Runtime.evaluate (id=29) 86E8507C2EC0B374D61A7DE707CE2DD7 {
   "result": {
      "type": "object",
      "value": {
         "status": 0,
         "value": {
            "ceil": {
            },
            "clone": {
            },
            "floor": {
            },
            "round": {
            },
            "scale": {
            },
            "translate": {
            },
            "x": 0,
            "y": 49.5
         }
      }
   }
}
[1658606154.204][DEBUG]: DevTools WebSocket Command: Runtime.evaluate (id=30) 86E8507C2EC0B374D61A7DE707CE2DD7 {
   "awaitPromise": true,
   "expression": "(function() { // Copyright (c) 2012 The Chromium Authors. All rights reserved.\n// Use of this source code is governed by a BSD-style license that can be\n// found in the LICENSE file.\n\n/**\n * Enum f...",
   "returnByValue": true
}
[1658606154.206][DEBUG]: DevTools WebSocket Response: Runtime.evaluate (id=30) 86E8507C2EC0B374D61A7DE707CE2DD7 {
   "result": {
      "type": "object",
      "value": {
         "status": 0,
         "value": {
            "clickable": true
         }
      }
   }
}
[1658606154.206][DEBUG]: DevTools WebSocket Command: Input.dispatchMouseEvent (id=31) 86E8507C2EC0B374D61A7DE707CE2DD7 {
   "button": "none",
   "buttons": 0,
   "clickCount": 0,
   "force": 0.0,
   "modifiers": 0,
   "pointerType": "mouse",
   "tangentialPressure": 0.0,
   "tiltX": 0,
   "tiltY": 0,
   "twist": 0,
   "type": "mouseMoved",
   "x": 17,
   "y": 57
}
[1658606154.206][DEBUG]: DevTools WebSocket Command: Input.dispatchMouseEvent (id=32) 86E8507C2EC0B374D61A7DE707CE2DD7 {
   "button": "left",
   "buttons": 0,
   "clickCount": 1,
   "force": 0.0,
   "modifiers": 0,
   "pointerType": "mouse",
   "tangentialPressure": 0.0,
   "tiltX": 0,
   "tiltY": 0,
   "twist": 0,
   "type": "mousePressed",
   "x": 17,
   "y": 57
}
[1658606154.206][DEBUG]: DevTools WebSocket Command: Input.dispatchMouseEvent (id=33) 86E8507C2EC0B374D61A7DE707CE2DD7 {
   "button": "left",
   "buttons": 1,
   "clickCount": 1,
   "force": 0.0,
   "modifiers": 0,
   "pointerType": "mouse",
   "tangentialPressure": 0.0,
   "tiltX": 0,
   "tiltY": 0,
   "twist": 0,
   "type": "mouseReleased",
   "x": 17,
   "y": 57
}
[1658606154.207][DEBUG]: DevTools WebSocket Response: Input.dispatchMouseEvent (id=31) 86E8507C2EC0B374D61A7DE707CE2DD7 {
}
[1658606154.207][DEBUG]: DevTools WebSocket Response: Input.dispatchMouseEvent (id=32) 86E8507C2EC0B374D61A7DE707CE2DD7 {
}
[1658606154.210][DEBUG]: DevTools WebSocket Response: Input.dispatchMouseEvent (id=33) 86E8507C2EC0B374D61A7DE707CE2DD7 {
}
[1658606154.210][INFO]: Waiting for pending navigations...
[1658606154.210][DEBUG]: DevTools WebSocket Command: Runtime.evaluate (id=34) 86E8507C2EC0B374D61A7DE707CE2DD7 {
   "expression": "1"
}
[1658606154.210][DEBUG]: DevTools WebSocket Event: Page.frameScheduledNavigation 86E8507C2EC0B374D61A7DE707CE2DD7 {
   "delay": 0,
   "frameId": "86E8507C2EC0B374D61A7DE707CE2DD7",
   "reason": "anchorClick",
   "url": "http://localhost:8080/riskmanager/api/hello"
}
[1658606154.210][DEBUG]: DevTools WebSocket Event: Page.frameRequestedNavigation 86E8507C2EC0B374D61A7DE707CE2DD7 {
   "disposition": "currentTab",
   "frameId": "86E8507C2EC0B374D61A7DE707CE2DD7",
   "reason": "anchorClick",
   "url": "http://localhost:8080/riskmanager/api/hello"
}
[1658606154.210][DEBUG]: DevTools WebSocket Event: Page.frameStartedLoading 86E8507C2EC0B374D61A7DE707CE2DD7 {
   "frameId": "86E8507C2EC0B374D61A7DE707CE2DD7"
}
[1658606154.211][DEBUG]: DevTools WebSocket Event: Page.frameClearedScheduledNavigation 86E8507C2EC0B374D61A7DE707CE2DD7 {
   "frameId": "86E8507C2EC0B374D61A7DE707CE2DD7"
}
[1658606154.218][DEBUG]: DevTools WebSocket Event: Runtime.executionContextsCleared 86E8507C2EC0B374D61A7DE707CE2DD7 {
}
[1658606154.218][DEBUG]: DevTools WebSocket Event: Page.frameStartedLoading 86E8507C2EC0B374D61A7DE707CE2DD7 {
   "frameId": "86E8507C2EC0B374D61A7DE707CE2DD7"
}
[1658606154.234][DEBUG]: DevTools WebSocket Event: Runtime.executionContextsCleared 86E8507C2EC0B374D61A7DE707CE2DD7 {
}
[1658606154.234][DEBUG]: DevTools WebSocket Event: Page.frameNavigated 86E8507C2EC0B374D61A7DE707CE2DD7 {
   "frame": {
      "adFrameStatus": {
         "adFrameType": "none"
      },
      "crossOriginIsolatedContextType": "NotIsolated",
      "domainAndRegistry": "",
      "gatedAPIFeatures": [  ],
      "id": "86E8507C2EC0B374D61A7DE707CE2DD7",
      "loaderId": "2AEBA05841E09183E30187700DF5376F",
      "mimeType": "text/html",
      "secureContextType": "SecureLocalhost",
      "securityOrigin": "http://localhost:8080",
      "url": "http://localhost:8080/riskmanager/api/hello"
   },
   "type": "Navigation"
}
[1658606154.234][DEBUG]: DevTools WebSocket Event: Runtime.executionContextCreated 86E8507C2EC0B374D61A7DE707CE2DD7 {
   "context": {
      "auxData": {
         "frameId": "86E8507C2EC0B374D61A7DE707CE2DD7",
         "isDefault": true,
         "type": "default"
      },
      "id": 2,
      "name": "",
      "origin": "http://localhost:8080",
      "uniqueId": "-927038021146393325.5466946848595291587"
   }
}
[1658606154.235][DEBUG]: DevTools WebSocket Event: Page.loadEventFired 86E8507C2EC0B374D61A7DE707CE2DD7 {
   "timestamp": 20297.915374
}
[1658606154.235][DEBUG]: DevTools WebSocket Command: Runtime.evaluate (id=35) 86E8507C2EC0B374D61A7DE707CE2DD7 {
   "awaitPromise": false,
   "expression": "document.readyState",
   "returnByValue": true
}
[1658606154.235][DEBUG]: DevTools WebSocket Event: Page.frameStoppedLoading 86E8507C2EC0B374D61A7DE707CE2DD7 {
   "frameId": "86E8507C2EC0B374D61A7DE707CE2DD7"
}
[1658606154.235][DEBUG]: DevTools WebSocket Event: Page.domContentEventFired 86E8507C2EC0B374D61A7DE707CE2DD7 {
   "timestamp": 20297.91562
}
[1658606154.235][DEBUG]: DevTools WebSocket Response: Runtime.evaluate (id=34) 86E8507C2EC0B374D61A7DE707CE2DD7 {
   "result": {
      "description": "1",
      "type": "number",
      "value": 1
   }
}
[1658606154.237][DEBUG]: DevTools WebSocket Response: Runtime.evaluate (id=35) 86E8507C2EC0B374D61A7DE707CE2DD7 {
   "result": {
      "type": "string",
      "value": "complete"
   }
}
[1658606154.237][INFO]: Done waiting for pending navigations. Status: ok
[1658606154.237][INFO]: [b147709c41852538a0c05d27b4e71b59] RESPONSE ClickElement
[1658606154.238][DEBUG]: DevTools WebSocket Event: Log.entryAdded 86E8507C2EC0B374D61A7DE707CE2DD7 {
   "entry": {
      "level": "error",
      "networkRequestId": "8994.43",
      "source": "network",
      "text": "Failed to load resource: the server responded with a status of 404 ()",
      "timestamp": 1.658606154237818e+12,
      "url": "http://localhost:8080/favicon.ico"
   }
}
[1658606154.240][INFO]: [b147709c41852538a0c05d27b4e71b59] COMMAND FindElements {
   "using": "css selector",
   "value": "body"
}
[1658606154.240][INFO]: Waiting for pending navigations...
[1658606154.240][DEBUG]: DevTools WebSocket Command: Runtime.evaluate (id=36) 86E8507C2EC0B374D61A7DE707CE2DD7 {
   "expression": "1"
}
[1658606154.240][DEBUG]: DevTools WebSocket Response: Runtime.evaluate (id=36) 86E8507C2EC0B374D61A7DE707CE2DD7 {
   "result": {
      "description": "1",
      "type": "number",
      "value": 1
   }
}
[1658606154.240][INFO]: Done waiting for pending navigations. Status: ok
[1658606154.241][DEBUG]: DevTools WebSocket Command: Runtime.evaluate (id=37) 86E8507C2EC0B374D61A7DE707CE2DD7 {
   "awaitPromise": true,
   "expression": "(function() { // Copyright (c) 2012 The Chromium Authors. All rights reserved.\n// Use of this source code is governed by a BSD-style license that can be\n// found in the LICENSE file.\n\n/**\n * Enum f...",
   "returnByValue": true
}
[1658606154.244][DEBUG]: DevTools WebSocket Response: Runtime.evaluate (id=37) 86E8507C2EC0B374D61A7DE707CE2DD7 {
   "result": {
      "type": "object",
      "value": {
         "status": 0,
         "value": [ {
            "element-6066-11e4-a52e-4f735466cecf": "3b6da5c6-694e-4983-bc89-af2289d2975b"
         } ]
      }
   }
}
[1658606154.244][INFO]: Waiting for pending navigations...
[1658606154.244][DEBUG]: DevTools WebSocket Command: Runtime.evaluate (id=38) 86E8507C2EC0B374D61A7DE707CE2DD7 {
   "expression": "1"
}
[1658606154.245][DEBUG]: DevTools WebSocket Response: Runtime.evaluate (id=38) 86E8507C2EC0B374D61A7DE707CE2DD7 {
   "result": {
      "description": "1",
      "type": "number",
      "value": 1
   }
}
[1658606154.245][INFO]: Done waiting for pending navigations. Status: ok
[1658606154.245][INFO]: [b147709c41852538a0c05d27b4e71b59] RESPONSE FindElements [ {
   "element-6066-11e4-a52e-4f735466cecf": "3b6da5c6-694e-4983-bc89-af2289d2975b"
} ]
[1658606154.246][INFO]: [b147709c41852538a0c05d27b4e71b59] COMMAND GetElementText {
   "id": "3b6da5c6-694e-4983-bc89-af2289d2975b"
}
[1658606154.247][INFO]: Waiting for pending navigations...
[1658606154.247][DEBUG]: DevTools WebSocket Command: Runtime.evaluate (id=39) 86E8507C2EC0B374D61A7DE707CE2DD7 {
   "expression": "1"
}
[1658606154.249][DEBUG]: DevTools WebSocket Response: Runtime.evaluate (id=39) 86E8507C2EC0B374D61A7DE707CE2DD7 {
   "result": {
      "description": "1",
      "type": "number",
      "value": 1
   }
}
[1658606154.249][INFO]: Done waiting for pending navigations. Status: ok
[1658606154.250][DEBUG]: DevTools WebSocket Command: Runtime.evaluate (id=40) 86E8507C2EC0B374D61A7DE707CE2DD7 {
   "awaitPromise": true,
   "expression": "(function() { // Copyright (c) 2012 The Chromium Authors. All rights reserved.\n// Use of this source code is governed by a BSD-style license that can be\n// found in the LICENSE file.\n\n/**\n * Enum f...",
   "returnByValue": true
}
[1658606154.257][DEBUG]: DevTools WebSocket Response: Runtime.evaluate (id=40) 86E8507C2EC0B374D61A7DE707CE2DD7 {
   "result": {
      "type": "object",
      "value": {
         "status": 0,
         "value": "hello world"
      }
   }
}
[1658606154.257][INFO]: Waiting for pending navigations...
[1658606154.257][DEBUG]: DevTools WebSocket Command: Runtime.evaluate (id=41) 86E8507C2EC0B374D61A7DE707CE2DD7 {
   "expression": "1"
}
[1658606154.257][DEBUG]: DevTools WebSocket Response: Runtime.evaluate (id=41) 86E8507C2EC0B374D61A7DE707CE2DD7 {
   "result": {
      "description": "1",
      "type": "number",
      "value": 1
   }
}
[1658606154.257][INFO]: Done waiting for pending navigations. Status: ok
[1658606154.257][INFO]: [b147709c41852538a0c05d27b4e71b59] RESPONSE GetElementText "hello world"
[1658606154.261][INFO]: [b147709c41852538a0c05d27b4e71b59] COMMAND Quit {
}
[1658606154.312][INFO]: [b147709c41852538a0c05d27b4e71b59] RESPONSE Quit
[1658606154.312][DEBUG]: Log type 'driver' lost 0 entries on destruction
[1658606154.312][DEBUG]: Log type 'browser' lost 1 entries on destruction
